Arguments: 
  C:\Program Files\nodejs\node.exe C:\Users\Linksforce\AppData\Roaming\npm\node_modules\yarn\bin\yarn.js add wangeditor-for-vue3

PATH: 
  C:\Program Files (x86)\Common Files\Intel\Shared Libraries\redist\intel64_win\compiler;C:\Program Files (x86)\Common Files\Intel\Shared Libraries\redist\intel64\compiler;C:\Python310\Scripts\;C:\Python310\;C:\Windows\system32;C:\Windows;C:\Windows\System32\Wbem;C:\Windows\System32\WindowsPowerShell\v1.0\;C:\Windows\System32\OpenSSH\;C:\Program Files\Git\cmd;C:\Program Files\nodejs\;C:\ProgramData\chocolatey\bin;;C:\Program Files\Docker\Docker\resources\bin;C:\ProgramData\DockerDesktop\version-bin;D:\微信web开发者工具\dll;C:\Ruby30-x64\bin;C:\Users\Linksforce\AppData\Local\Microsoft\WindowsApps;C:\Users\Linksforce\AppData\Local\Programs\Microsoft VS Code\bin;C:\Users\Linksforce\AppData\Roaming\npm;C:\Users\Linksforce\AppData\Local\GitHubDesktop\bin

Yarn version: 
  1.22.17

Node version: 
  16.13.1

Platform: 
  win32 x64

Trace: 
  Error: https://registry.yarnpkg.com/wangeditor-for-vue3: Not found
      at Request.params.callback [as _callback] (C:\Users\Linksforce\AppData\Roaming\npm\node_modules\yarn\lib\cli.js:67029:18)
      at Request.self.callback (C:\Users\Linksforce\AppData\Roaming\npm\node_modules\yarn\lib\cli.js:140883:22)
      at Request.emit (node:events:390:28)
      at Request.<anonymous> (C:\Users\Linksforce\AppData\Roaming\npm\node_modules\yarn\lib\cli.js:141855:10)
      at Request.emit (node:events:390:28)
      at IncomingMessage.<anonymous> (C:\Users\Linksforce\AppData\Roaming\npm\node_modules\yarn\lib\cli.js:141777:12)
      at Object.onceWrapper (node:events:509:28)
      at IncomingMessage.emit (node:events:402:35)
      at endReadableNT (node:internal/streams/readable:1343:12)
      at processTicksAndRejections (node:internal/process/task_queues:83:21)

npm manifest: 
  {
    "name": "sanVue",
    "version": "0.0.0",
    "scripts": {
      "dev": "vite",
      "build": "vite build",
      "serve": "vite preview"
    },
    "dependencies": {
      "axios": "^1.3.3",
      "echarts": "^5.4.1",
      "element-plus": "^2.2.32",
      "js-md5": "^0.7.3",
      "nprogress": "^0.2.0",
      "pinia": "^2.0.31",
      "pinia-plugin-persist": "^1.0.0",
      "pinia-plugin-persistedstate": "^3.1.0",
      "qs": "^6.11.0",
      "vue": "^3.2.8",
      "vue-router": "^4.1.6"
    },
    "devDependencies": {
      "@iconify-json/ep": "^1.1.9",
      "@vitejs/plugin-vue": "^1.6.0",
      "@vue/compiler-sfc": "^3.2.6",
      "mockjs": "^1.1.0",
      "sass": "^1.58.3",
      "sass-loader": "^13.2.0",
      "unplugin-auto-import": "^0.14.3",
      "unplugin-icons": "^0.15.3",
      "unplugin-vue-components": "^0.24.0",
      "vite": "^2.5.2",
      "vite-plugin-mock": "^2.9.6"
    }
  }

yarn manifest: 
  No manifest

Lockfile: 
  No lockfile
